build/app/intermediates/manifest_merge_blame_file/debug/manifest-merger-blame-debug-report.txt
1<?xml version="1.0" encoding="utf-8"?>
2<manifest xmlns:android="http://schemas.android.com/apk/res/android"
3    package="com.example.encrypta"
4    android:versionCode="1"
5    android:versionName="1.0.0" >
6
7    <uses-sdk
8        android:minSdkVersion="23"
9        android:targetSdkVersion="35" />
10    <!--
11         The INTERNET permission is required for development. Specifically,
12         the Flutter tool needs it to communicate with the running application
13         to allow setting breakpoints, to provide hot reload, etc.
14    -->
15    <uses-permission android:name="android.permission.INTERNET" />
15-->src\main\AndroidManifest.xml:2:5-66
15-->src\main\AndroidManifest.xml:2:22-64
16    <uses-permission android:name="android.permission.READ_MEDIA_IMAGES" />
16-->src\main\AndroidManifest.xml:3:5-75
16-->src\main\AndroidManifest.xml:3:22-73
17    <uses-permission
17-->src\main\AndroidManifest.xml:4:5-79
18        android:name="android.permission.READ_EXTERNAL_STORAGE"
18-->src\main\AndroidManifest.xml:4:22-77
19        android:maxSdkVersion="32" />
19-->[:file_picker] AndroidManifest.xml:9:9-35
20    <uses-permission android:name="android.permission.WRITE_EXTERNAL_STORAGE" />
20-->src\main\AndroidManifest.xml:5:5-80
20-->src\main\AndroidManifest.xml:5:22-78
21    <uses-permission android:name="android.permission.MANAGE_EXTERNAL_STORAGE" />
21-->src\main\AndroidManifest.xml:6:5-81
21-->src\main\AndroidManifest.xml:6:22-79
22    <uses-permission android:name="android.permission.READ_MEDIA_VIDEO" />
22-->src\main\AndroidManifest.xml:7:5-74
22-->src\main\AndroidManifest.xml:7:22-72
23    <uses-permission android:name="android.permission.READ_MEDIA_AUDIO" />
23-->src\main\AndroidManifest.xml:8:5-74
23-->src\main\AndroidManifest.xml:8:22-72
24    <!--
25 Required to query activities that can process text, see:
26         https://developer.android.com/training/package-visibility and
27         https://developer.android.com/reference/android/content/Intent#ACTION_PROCESS_TEXT.
28
29         In particular, this is used by the Flutter engine in io.flutter.plugin.text.ProcessTextPlugin.
30    -->
31    <queries>
31-->src\main\AndroidManifest.xml:46:5-51:15
32        <intent>
32-->src\main\AndroidManifest.xml:47:9-50:18
33            <action android:name="android.intent.action.PROCESS_TEXT" />
33-->src\main\AndroidManifest.xml:48:13-72
33-->src\main\AndroidManifest.xml:48:21-70
34
35            <data android:mimeType="text/plain" />
35-->src\main\AndroidManifest.xml:49:13-50
35-->src\main\AndroidManifest.xml:49:19-48
36        </intent>
37        <intent>
37-->[:file_picker] AndroidManifest.xml:12:9-16:18
38            <action android:name="android.intent.action.GET_CONTENT" />
38-->[:file_picker] AndroidManifest.xml:13:13-72
38-->[:file_picker] AndroidManifest.xml:13:21-69
39
40            <data android:mimeType="*/*" />
40-->src\main\AndroidManifest.xml:49:13-50
40-->src\main\AndroidManifest.xml:49:19-48
41        </intent>
42    </queries>
43
44    <uses-permission android:name="android.permission.ACCESS_NETWORK_STATE" />
44-->[com.google.firebase:firebase-auth:22.3.1] AndroidManifest.xml:26:5-79
44-->[com.google.firebase:firebase-auth:22.3.1] AndroidManifest.xml:26:22-76
45    <uses-permission android:name="com.google.android.providers.gsf.permission.READ_GSERVICES" />
45-->[com.google.android.recaptcha:recaptcha:18.4.0] AndroidManifest.xml:9:5-98
45-->[com.google.android.recaptcha:recaptcha:18.4.0] AndroidManifest.xml:9:22-95
46
47    <permission
47-->[androidx.core:core:1.13.1] AndroidManifest.xml:22:5-24:47
48        android:name="com.example.encrypta.DYNAMIC_RECEIVER_NOT_EXPORTED_PERMISSION"
48-->[androidx.core:core:1.13.1] AndroidManifest.xml:23:9-81
49        android:protectionLevel="signature" />
49-->[androidx.core:core:1.13.1] AndroidManifest.xml:24:9-44
50
51    <uses-permission android:name="com.example.encrypta.DYNAMIC_RECEIVER_NOT_EXPORTED_PERMISSION" />
51-->[androidx.core:core:1.13.1] AndroidManifest.xml:26:5-97
51-->[androidx.core:core:1.13.1] AndroidManifest.xml:26:22-94
52
53    <application
54        android:name="android.app.Application"
55        android:appComponentFactory="androidx.core.app.CoreComponentFactory"
55-->[androidx.core:core:1.13.1] AndroidManifest.xml:28:18-86
56        android:debuggable="true"
57        android:extractNativeLibs="false"
58        android:icon="@mipmap/ic_launcher"
59        android:label="encrypta" >
60        <activity
61            android:name="com.example.encrypta.MainActivity"
62            android:configChanges="orientation|keyboardHidden|keyboard|screenSize|smallestScreenSize|locale|layoutDirection|fontScale|screenLayout|density|uiMode"
63            android:exported="true"
64            android:hardwareAccelerated="true"
65            android:launchMode="singleTop"
66            android:taskAffinity=""
67            android:theme="@style/LaunchTheme"
68            android:windowSoftInputMode="adjustResize" >
69
70            <!--
71                 Specifies an Android theme to apply to this Activity as soon as
72                 the Android process has started. This theme is visible to the user
73                 while the Flutter UI initializes. After that, this theme continues
74                 to determine the Window background behind the Flutter UI.
75            -->
76            <meta-data
77                android:name="io.flutter.embedding.android.NormalTheme"
78                android:resource="@style/NormalTheme" />
79
80            <intent-filter>
81                <action android:name="android.intent.action.MAIN" />
82
83                <category android:name="android.intent.category.LAUNCHER" />
84            </intent-filter>
85        </activity>
86        <!--
87             Don't delete the meta-data below.
88             This is used by the Flutter tool to generate GeneratedPluginRegistrant.java
89        -->
90        <meta-data
91            android:name="flutterEmbedding"
92            android:value="2" />
93
94        <service
94-->[:cloud_firestore] AndroidManifest.xml:8:9-12:19
95            android:name="com.google.firebase.components.ComponentDiscoveryService"
95-->[:cloud_firestore] AndroidManifest.xml:8:18-89
96            android:directBootAware="true"
96-->[com.google.firebase:firebase-common:20.4.3] AndroidManifest.xml:32:13-43
97            android:exported="false" >
97-->[com.google.firebase:firebase-appcheck-debug:17.1.2] AndroidManifest.xml:24:13-37
98            <meta-data
98-->[:cloud_firestore] AndroidManifest.xml:9:13-11:85
99                android:name="com.google.firebase.components:io.flutter.plugins.firebase.firestore.FlutterFirebaseFirestoreRegistrar"
99-->[:cloud_firestore] AndroidManifest.xml:10:17-134
100                android:value="com.google.firebase.components.ComponentRegistrar" />
100-->[:cloud_firestore] AndroidManifest.xml:11:17-82
101            <meta-data
101-->[:firebase_app_check] AndroidManifest.xml:9:13-11:85
102                android:name="com.google.firebase.components:io.flutter.plugins.firebase.appcheck.FlutterFirebaseAppRegistrar"
102-->[:firebase_app_check] AndroidManifest.xml:10:17-127
103                android:value="com.google.firebase.components.ComponentRegistrar" />
103-->[:firebase_app_check] AndroidManifest.xml:11:17-82
104            <meta-data
104-->[:firebase_auth] AndroidManifest.xml:9:13-11:85
105                android:name="com.google.firebase.components:io.flutter.plugins.firebase.auth.FlutterFirebaseAuthRegistrar"
105-->[:firebase_auth] AndroidManifest.xml:10:17-124
106                android:value="com.google.firebase.components.ComponentRegistrar" />
106-->[:firebase_auth] AndroidManifest.xml:11:17-82
107            <meta-data
107-->[:firebase_storage] AndroidManifest.xml:9:13-11:85
108                android:name="com.google.firebase.components:io.flutter.plugins.firebase.storage.FlutterFirebaseAppRegistrar"
108-->[:firebase_storage] AndroidManifest.xml:10:17-126
109                android:value="com.google.firebase.components.ComponentRegistrar" />
109-->[:firebase_storage] AndroidManifest.xml:11:17-82
110            <meta-data
110-->[:firebase_core] AndroidManifest.xml:9:13-11:85
111                android:name="com.google.firebase.components:io.flutter.plugins.firebase.core.FlutterFirebaseCoreRegistrar"
111-->[:firebase_core] AndroidManifest.xml:10:17-124
112                android:value="com.google.firebase.components.ComponentRegistrar" />
112-->[:firebase_core] AndroidManifest.xml:11:17-82
113            <meta-data
113-->[com.google.firebase:firebase-appcheck-debug:17.1.2] AndroidManifest.xml:25:13-27:85
114                android:name="com.google.firebase.components:com.google.firebase.appcheck.debug.FirebaseAppCheckDebugRegistrar"
114-->[com.google.firebase:firebase-appcheck-debug:17.1.2] AndroidManifest.xml:26:17-128
115                android:value="com.google.firebase.components.ComponentRegistrar" />
115-->[com.google.firebase:firebase-appcheck-debug:17.1.2] AndroidManifest.xml:27:17-82
116            <meta-data
116-->[com.google.firebase:firebase-auth:22.3.1] AndroidManifest.xml:69:13-71:85
117                android:name="com.google.firebase.components:com.google.firebase.auth.FirebaseAuthRegistrar"
117-->[com.google.firebase:firebase-auth:22.3.1] AndroidManifest.xml:70:17-109
118                android:value="com.google.firebase.components.ComponentRegistrar" />
118-->[com.google.firebase:firebase-auth:22.3.1] AndroidManifest.xml:71:17-82
119            <meta-data
119-->[com.google.firebase:firebase-firestore:24.11.0] AndroidManifest.xml:17:13-19:85
120                android:name="com.google.firebase.components:com.google.firebase.firestore.FirebaseFirestoreKtxRegistrar"
120-->[com.google.firebase:firebase-firestore:24.11.0] AndroidManifest.xml:18:17-122
121                android:value="com.google.firebase.components.ComponentRegistrar" />
121-->[com.google.firebase:firebase-firestore:24.11.0] AndroidManifest.xml:19:17-82
122            <meta-data
122-->[com.google.firebase:firebase-firestore:24.11.0] AndroidManifest.xml:20:13-22:85
123                android:name="com.google.firebase.components:com.google.firebase.firestore.FirestoreRegistrar"
123-->[com.google.firebase:firebase-firestore:24.11.0] AndroidManifest.xml:21:17-111
124                android:value="com.google.firebase.components.ComponentRegistrar" />
124-->[com.google.firebase:firebase-firestore:24.11.0] AndroidManifest.xml:22:17-82
125            <meta-data
125-->[com.google.firebase:firebase-appcheck-playintegrity:17.1.2] AndroidManifest.xml:25:13-27:85
126                android:name="com.google.firebase.components:com.google.firebase.appcheck.playintegrity.FirebaseAppCheckPlayIntegrityRegistrar"
126-->[com.google.firebase:firebase-appcheck-playintegrity:17.1.2] AndroidManifest.xml:26:17-144
127                android:value="com.google.firebase.components.ComponentRegistrar" />
127-->[com.google.firebase:firebase-appcheck-playintegrity:17.1.2] AndroidManifest.xml:27:17-82
128            <meta-data
128-->[com.google.firebase:firebase-storage:20.3.0] AndroidManifest.xml:30:13-32:85
129                android:name="com.google.firebase.components:com.google.firebase.storage.FirebaseStorageKtxRegistrar"
129-->[com.google.firebase:firebase-storage:20.3.0] AndroidManifest.xml:31:17-118
130                android:value="com.google.firebase.components.ComponentRegistrar" />
130-->[com.google.firebase:firebase-storage:20.3.0] AndroidManifest.xml:32:17-82
131            <meta-data
131-->[com.google.firebase:firebase-storage:20.3.0] AndroidManifest.xml:33:13-35:85
132                android:name="com.google.firebase.components:com.google.firebase.storage.StorageRegistrar"
132-->[com.google.firebase:firebase-storage:20.3.0] AndroidManifest.xml:34:17-107
133                android:value="com.google.firebase.components.ComponentRegistrar" />
133-->[com.google.firebase:firebase-storage:20.3.0] AndroidManifest.xml:35:17-82
134            <meta-data
134-->[com.google.firebase:firebase-appcheck-safetynet:16.1.2] AndroidManifest.xml:27:13-29:85
135                android:name="com.google.firebase.components:com.google.firebase.appcheck.safetynet.FirebaseAppCheckSafetyNetRegistrar"
135-->[com.google.firebase:firebase-appcheck-safetynet:16.1.2] AndroidManifest.xml:28:17-136
136                android:value="com.google.firebase.components.ComponentRegistrar" />
136-->[com.google.firebase:firebase-appcheck-safetynet:16.1.2] AndroidManifest.xml:29:17-82
137            <meta-data
137-->[com.google.firebase:firebase-appcheck:17.1.2] AndroidManifest.xml:25:13-27:85
138                android:name="com.google.firebase.components:com.google.firebase.appcheck.FirebaseAppCheckKtxRegistrar"
138-->[com.google.firebase:firebase-appcheck:17.1.2] AndroidManifest.xml:26:17-120
139                android:value="com.google.firebase.components.ComponentRegistrar" />
139-->[com.google.firebase:firebase-appcheck:17.1.2] AndroidManifest.xml:27:17-82
140            <meta-data
140-->[com.google.firebase:firebase-appcheck:17.1.2] AndroidManifest.xml:28:13-30:85
141                android:name="com.google.firebase.components:com.google.firebase.appcheck.FirebaseAppCheckRegistrar"
141-->[com.google.firebase:firebase-appcheck:17.1.2] AndroidManifest.xml:29:17-117
142                android:value="com.google.firebase.components.ComponentRegistrar" />
142-->[com.google.firebase:firebase-appcheck:17.1.2] AndroidManifest.xml:30:17-82
143            <meta-data
143-->[com.google.firebase:firebase-common-ktx:20.4.3] AndroidManifest.xml:12:13-14:85
144                android:name="com.google.firebase.components:com.google.firebase.ktx.FirebaseCommonLegacyRegistrar"
144-->[com.google.firebase:firebase-common-ktx:20.4.3] AndroidManifest.xml:13:17-116
145                android:value="com.google.firebase.components.ComponentRegistrar" />
145-->[com.google.firebase:firebase-common-ktx:20.4.3] AndroidManifest.xml:14:17-82
146            <meta-data
146-->[com.google.firebase:firebase-common:20.4.3] AndroidManifest.xml:35:13-37:85
147                android:name="com.google.firebase.components:com.google.firebase.FirebaseCommonKtxRegistrar"
147-->[com.google.firebase:firebase-common:20.4.3] AndroidManifest.xml:36:17-109
148                android:value="com.google.firebase.components.ComponentRegistrar" />
148-->[com.google.firebase:firebase-common:20.4.3] AndroidManifest.xml:37:17-82
149        </service>
150
151        <provider
151-->[:open_file_android] AndroidManifest.xml:9:9-19:20
152            android:name="com.crazecoder.openfile.FileProvider"
152-->[:open_file_android] AndroidManifest.xml:10:13-64
153            android:authorities="com.example.encrypta.fileProvider.com.crazecoder.openfile"
153-->[:open_file_android] AndroidManifest.xml:11:13-88
154            android:exported="false"
154-->[:open_file_android] AndroidManifest.xml:12:13-37
155            android:grantUriPermissions="true"
155-->[:open_file_android] AndroidManifest.xml:13:13-47
156            android:requestLegacyExternalStorage="true" >
156-->[:open_file_android] AndroidManifest.xml:14:13-56
157            <meta-data
157-->[:open_file_android] AndroidManifest.xml:16:13-18:53
158                android:name="android.support.FILE_PROVIDER_PATHS"
158-->[:open_file_android] AndroidManifest.xml:17:17-67
159                android:resource="@xml/filepaths" />
159-->[:open_file_android] AndroidManifest.xml:18:17-50
160        </provider>
161        <!--
162           Declares a provider which allows us to store files to share in
163           '.../caches/share_plus' and grant the receiving action access
164        -->
165        <provider
165-->[:share_plus] AndroidManifest.xml:13:9-21:20
166            android:name="dev.fluttercommunity.plus.share.ShareFileProvider"
166-->[:share_plus] AndroidManifest.xml:14:13-77
167            android:authorities="com.example.encrypta.flutter.share_provider"
167-->[:share_plus] AndroidManifest.xml:15:13-74
168            android:exported="false"
168-->[:share_plus] AndroidManifest.xml:16:13-37
169            android:grantUriPermissions="true" >
169-->[:share_plus] AndroidManifest.xml:17:13-47
170            <meta-data
170-->[:open_file_android] AndroidManifest.xml:16:13-18:53
171                android:name="android.support.FILE_PROVIDER_PATHS"
171-->[:open_file_android] AndroidManifest.xml:17:17-67
172                android:resource="@xml/flutter_share_file_paths" />
172-->[:open_file_android] AndroidManifest.xml:18:17-50
173        </provider>
174        <!--
175           This manifest declared broadcast receiver allows us to use an explicit
176           Intent when creating a PendingItent to be informed of the user's choice
177        -->
178        <receiver
178-->[:share_plus] AndroidManifest.xml:26:9-32:20
179            android:name="dev.fluttercommunity.plus.share.SharePlusPendingIntent"
179-->[:share_plus] AndroidManifest.xml:27:13-82
180            android:exported="false" >
180-->[:share_plus] AndroidManifest.xml:28:13-37
181            <intent-filter>
181-->[:share_plus] AndroidManifest.xml:29:13-31:29
182                <action android:name="EXTRA_CHOSEN_COMPONENT" />
182-->[:share_plus] AndroidManifest.xml:30:17-65
182-->[:share_plus] AndroidManifest.xml:30:25-62
183            </intent-filter>
184        </receiver>
185
186        <activity
186-->[com.google.firebase:firebase-auth:22.3.1] AndroidManifest.xml:29:9-46:20
187            android:name="com.google.firebase.auth.internal.GenericIdpActivity"
187-->[com.google.firebase:firebase-auth:22.3.1] AndroidManifest.xml:30:13-80
188            android:excludeFromRecents="true"
188-->[com.google.firebase:firebase-auth:22.3.1] AndroidManifest.xml:31:13-46
189            android:exported="true"
189-->[com.google.firebase:firebase-auth:22.3.1] AndroidManifest.xml:32:13-36
190            android:launchMode="singleTask"
190-->[com.google.firebase:firebase-auth:22.3.1] AndroidManifest.xml:33:13-44
191            android:theme="@android:style/Theme.Translucent.NoTitleBar" >
191-->[com.google.firebase:firebase-auth:22.3.1] AndroidManifest.xml:34:13-72
192            <intent-filter>
192-->[com.google.firebase:firebase-auth:22.3.1] AndroidManifest.xml:35:13-45:29
193                <action android:name="android.intent.action.VIEW" />
193-->[com.google.firebase:firebase-auth:22.3.1] AndroidManifest.xml:36:17-69
193-->[com.google.firebase:firebase-auth:22.3.1] AndroidManifest.xml:36:25-66
194
195                <category android:name="android.intent.category.DEFAULT" />
195-->[com.google.firebase:firebase-auth:22.3.1] AndroidManifest.xml:38:17-76
195-->[com.google.firebase:firebase-auth:22.3.1] AndroidManifest.xml:38:27-73
196                <category android:name="android.intent.category.BROWSABLE" />
196-->[com.google.firebase:firebase-auth:22.3.1] AndroidManifest.xml:39:17-78
196-->[com.google.firebase:firebase-auth:22.3.1] AndroidManifest.xml:39:27-75
197
198                <data
198-->src\main\AndroidManifest.xml:49:13-50
199                    android:host="firebase.auth"
200                    android:path="/"
201                    android:scheme="genericidp" />
202            </intent-filter>
203        </activity>
204        <activity
204-->[com.google.firebase:firebase-auth:22.3.1] AndroidManifest.xml:47:9-64:20
205            android:name="com.google.firebase.auth.internal.RecaptchaActivity"
205-->[com.google.firebase:firebase-auth:22.3.1] AndroidManifest.xml:48:13-79
206            android:excludeFromRecents="true"
206-->[com.google.firebase:firebase-auth:22.3.1] AndroidManifest.xml:49:13-46
207            android:exported="true"
207-->[com.google.firebase:firebase-auth:22.3.1] AndroidManifest.xml:50:13-36
208            android:launchMode="singleTask"
208-->[com.google.firebase:firebase-auth:22.3.1] AndroidManifest.xml:51:13-44
209            android:theme="@android:style/Theme.Translucent.NoTitleBar" >
209-->[com.google.firebase:firebase-auth:22.3.1] AndroidManifest.xml:52:13-72
210            <intent-filter>
210-->[com.google.firebase:firebase-auth:22.3.1] AndroidManifest.xml:53:13-63:29
211                <action android:name="android.intent.action.VIEW" />
211-->[com.google.firebase:firebase-auth:22.3.1] AndroidManifest.xml:36:17-69
211-->[com.google.firebase:firebase-auth:22.3.1] AndroidManifest.xml:36:25-66
212
213                <category android:name="android.intent.category.DEFAULT" />
213-->[com.google.firebase:firebase-auth:22.3.1] AndroidManifest.xml:38:17-76
213-->[com.google.firebase:firebase-auth:22.3.1] AndroidManifest.xml:38:27-73
214                <category android:name="android.intent.category.BROWSABLE" />
214-->[com.google.firebase:firebase-auth:22.3.1] AndroidManifest.xml:39:17-78
214-->[com.google.firebase:firebase-auth:22.3.1] AndroidManifest.xml:39:27-75
215
216                <data
216-->src\main\AndroidManifest.xml:49:13-50
217                    android:host="firebase.auth"
218                    android:path="/"
219                    android:scheme="recaptcha" />
220            </intent-filter>
221        </activity>
222
223        <provider
223-->[com.google.firebase:firebase-common:20.4.3] AndroidManifest.xml:23:9-28:39
224            android:name="com.google.firebase.provider.FirebaseInitProvider"
224-->[com.google.firebase:firebase-common:20.4.3] AndroidManifest.xml:24:13-77
225            android:authorities="com.example.encrypta.firebaseinitprovider"
225-->[com.google.firebase:firebase-common:20.4.3] AndroidManifest.xml:25:13-72
226            android:directBootAware="true"
226-->[com.google.firebase:firebase-common:20.4.3] AndroidManifest.xml:26:13-43
227            android:exported="false"
227-->[com.google.firebase:firebase-common:20.4.3] AndroidManifest.xml:27:13-37
228            android:initOrder="100" />
228-->[com.google.firebase:firebase-common:20.4.3] AndroidManifest.xml:28:13-36
229
230        <uses-library
230-->[androidx.window:window:1.2.0] AndroidManifest.xml:23:9-25:40
231            android:name="androidx.window.extensions"
231-->[androidx.window:window:1.2.0] AndroidManifest.xml:24:13-54
232            android:required="false" />
232-->[androidx.window:window:1.2.0] AndroidManifest.xml:25:13-37
233        <uses-library
233-->[androidx.window:window:1.2.0] AndroidManifest.xml:26:9-28:40
234            android:name="androidx.window.sidecar"
234-->[androidx.window:window:1.2.0] AndroidManifest.xml:27:13-51
235            android:required="false" />
235-->[androidx.window:window:1.2.0] AndroidManifest.xml:28:13-37
236
237        <provider
237-->[androidx.emoji2:emoji2:1.2.0] AndroidManifest.xml:24:9-32:20
238            android:name="androidx.startup.InitializationProvider"
238-->[androidx.emoji2:emoji2:1.2.0] AndroidManifest.xml:25:13-67
239            android:authorities="com.example.encrypta.androidx-startup"
239-->[androidx.emoji2:emoji2:1.2.0] AndroidManifest.xml:26:13-68
240            android:exported="false" >
240-->[androidx.emoji2:emoji2:1.2.0] AndroidManifest.xml:27:13-37
241            <meta-data
241-->[androidx.emoji2:emoji2:1.2.0] AndroidManifest.xml:29:13-31:52
242                android:name="androidx.emoji2.text.EmojiCompatInitializer"
242-->[androidx.emoji2:emoji2:1.2.0] AndroidManifest.xml:30:17-75
243                android:value="androidx.startup" />
243-->[androidx.emoji2:emoji2:1.2.0] AndroidManifest.xml:31:17-49
244            <meta-data
244-->[androidx.lifecycle:lifecycle-process:2.7.0] AndroidManifest.xml:29:13-31:52
245                android:name="androidx.lifecycle.ProcessLifecycleInitializer"
245-->[androidx.lifecycle:lifecycle-process:2.7.0] AndroidManifest.xml:30:17-78
246                android:value="androidx.startup" />
246-->[androidx.lifecycle:lifecycle-process:2.7.0] AndroidManifest.xml:31:17-49
247            <meta-data
247-->[androidx.profileinstaller:profileinstaller:1.3.1] AndroidManifest.xml:29:13-31:52
248                android:name="androidx.profileinstaller.ProfileInstallerInitializer"
248-->[androidx.profileinstaller:profileinstaller:1.3.1] AndroidManifest.xml:30:17-85
249                android:value="androidx.startup" />
249-->[androidx.profileinstaller:profileinstaller:1.3.1] AndroidManifest.xml:31:17-49
250        </provider>
251
252        <activity
252-->[com.google.android.gms:play-services-base:18.1.0] AndroidManifest.xml:20:9-22:45
253            android:name="com.google.android.gms.common.api.GoogleApiActivity"
253-->[com.google.android.gms:play-services-base:18.1.0] AndroidManifest.xml:20:19-85
254            android:exported="false"
254-->[com.google.android.gms:play-services-base:18.1.0] AndroidManifest.xml:22:19-43
255            android:theme="@android:style/Theme.Translucent.NoTitleBar" />
255-->[com.google.android.gms:play-services-base:18.1.0] AndroidManifest.xml:21:19-78
256
257        <meta-data
257-->[com.google.android.gms:play-services-basement:18.3.0] AndroidManifest.xml:21:9-23:69
258            android:name="com.google.android.gms.version"
258-->[com.google.android.gms:play-services-basement:18.3.0] AndroidManifest.xml:22:13-58
259            android:value="@integer/google_play_services_version" />
259-->[com.google.android.gms:play-services-basement:18.3.0] AndroidManifest.xml:23:13-66
260
261        <receiver
261-->[androidx.profileinstaller:profileinstaller:1.3.1] AndroidManifest.xml:34:9-52:20
262            android:name="androidx.profileinstaller.ProfileInstallReceiver"
262-->[androidx.profileinstaller:profileinstaller:1.3.1] AndroidManifest.xml:35:13-76
263            android:directBootAware="false"
263-->[androidx.profileinstaller:profileinstaller:1.3.1] AndroidManifest.xml:36:13-44
264            android:enabled="true"
264-->[androidx.profileinstaller:profileinstaller:1.3.1] AndroidManifest.xml:37:13-35
265            android:exported="true"
265-->[androidx.profileinstaller:profileinstaller:1.3.1] AndroidManifest.xml:38:13-36
266            android:permission="android.permission.DUMP" >
266-->[androidx.profileinstaller:profileinstaller:1.3.1] AndroidManifest.xml:39:13-57
267            <intent-filter>
267-->[androidx.profileinstaller:profileinstaller:1.3.1] AndroidManifest.xml:40:13-42:29
268                <action android:name="androidx.profileinstaller.action.INSTALL_PROFILE" />
268-->[androidx.profileinstaller:profileinstaller:1.3.1] AndroidManifest.xml:41:17-91
268-->[androidx.profileinstaller:profileinstaller:1.3.1] AndroidManifest.xml:41:25-88
269            </intent-filter>
270            <intent-filter>
270-->[androidx.profileinstaller:profileinstaller:1.3.1] AndroidManifest.xml:43:13-45:29
271                <action android:name="androidx.profileinstaller.action.SKIP_FILE" />
271-->[androidx.profileinstaller:profileinstaller:1.3.1] AndroidManifest.xml:44:17-85
271-->[androidx.profileinstaller:profileinstaller:1.3.1] AndroidManifest.xml:44:25-82
272            </intent-filter>
273            <intent-filter>
273-->[androidx.profileinstaller:profileinstaller:1.3.1] AndroidManifest.xml:46:13-48:29
274                <action android:name="androidx.profileinstaller.action.SAVE_PROFILE" />
274-->[androidx.profileinstaller:profileinstaller:1.3.1] AndroidManifest.xml:47:17-88
274-->[androidx.profileinstaller:profileinstaller:1.3.1] AndroidManifest.xml:47:25-85
275            </intent-filter>
276            <intent-filter>
276-->[androidx.profileinstaller:profileinstaller:1.3.1] AndroidManifest.xml:49:13-51:29
277                <action android:name="androidx.profileinstaller.action.BENCHMARK_OPERATION" />
277-->[androidx.profileinstaller:profileinstaller:1.3.1] AndroidManifest.xml:50:17-95
277-->[androidx.profileinstaller:profileinstaller:1.3.1] AndroidManifest.xml:50:25-92
278            </intent-filter>
279        </receiver>
280    </application>
281
282</manifest>